Running PRESTO HDLC
Compiling Entity Declaration ABS_UNIT
Compiling Architecture RTL of ABS_UNIT
Presto compilation completed successfully.
Loading db file '/software/dk/nangate45/synopsys/NangateOpenCellLibrary_typical_ecsm_nowlm.db'
Loading db file '/software/synopsys/syn_current_64/libraries/syn/dw_foundation.sldb'
Running PRESTO HDLC
Compiling Entity Declaration ADDER
Compiling Architecture RTL of ADDER
Presto compilation completed successfully.
Running PRESTO HDLC
Compiling Package Declaration AMEPKG
Compiling Package Body AMEPKG
Presto compilation completed successfully.
Running PRESTO HDLC
Compiling Entity Declaration COMPARATOR
Compiling Architecture RTL of COMPARATOR
Presto compilation completed successfully.
Running PRESTO HDLC
Compiling Entity Declaration COUNT_N
Compiling Architecture BEH of COUNT_N
Presto compilation completed successfully.
Running PRESTO HDLC
Compiling Entity Declaration COUNT_VAL_N
Compiling Architecture BEH of COUNT_VAL_N
Presto compilation completed successfully.
Running PRESTO HDLC
Compiling Entity Declaration COUNT_VAL
Compiling Architecture BEH of COUNT_VAL
Presto compilation completed successfully.
Running PRESTO HDLC
Compiling Entity Declaration FLFL_LE
Compiling Architecture BEH of FLFL_LE
Presto compilation completed successfully.
Running PRESTO HDLC
Compiling Entity Declaration FLFL_T
Compiling Architecture BEH of FLFL_T
Presto compilation completed successfully.
Running PRESTO HDLC
Compiling Entity Declaration FLFL
Compiling Architecture BEH of FLFL
Presto compilation completed successfully.
Running PRESTO HDLC
Compiling Entity Declaration MULTIPLIER
Compiling Architecture RTL of MULTIPLIER
Presto compilation completed successfully.
Running PRESTO HDLC
Compiling Entity Declaration REG_N_LE
Compiling Architecture BEH of REG_N_LE
Presto compilation completed successfully.
Running PRESTO HDLC
Compiling Entity Declaration REG_N_SRST
Compiling Architecture BEH of REG_N_SRST
Presto compilation completed successfully.
Running PRESTO HDLC
Compiling Entity Declaration REG_N
Compiling Architecture BEH of REG_N
Presto compilation completed successfully.
Running PRESTO HDLC
Compiling Entity Declaration SIGNED_LSHIFTER
Compiling Architecture BEH of SIGNED_LSHIFTER
Presto compilation completed successfully.
Running PRESTO HDLC
Compiling Entity Declaration SIGNED_SHIFTER
Compiling Architecture BEH of SIGNED_SHIFTER
Presto compilation completed successfully.
Running PRESTO HDLC
Compiling Entity Declaration SIGN_EXTENDER
Compiling Architecture RTL of SIGN_EXTENDER
Presto compilation completed successfully.
Running PRESTO HDLC
Compiling Entity Declaration SUBTRACTOR
Compiling Architecture RTL of SUBTRACTOR
Presto compilation completed successfully.
Running PRESTO HDLC
Compiling Entity Declaration UNSIGNED_ADDER
Compiling Architecture RTL of UNSIGNED_ADDER
Presto compilation completed successfully.
Running PRESTO HDLC
Compiling Entity Declaration UNSIGNED_SHIFTER
Compiling Architecture BEH of UNSIGNED_SHIFTER
Presto compilation completed successfully.
Running PRESTO HDLC
Compiling Entity Declaration UNSIGNED_SUBTRACTOR
Compiling Architecture RTL of UNSIGNED_SUBTRACTOR
Presto compilation completed successfully.
Running PRESTO HDLC
Compiling Entity Declaration CONSTRUCTOR
Compiling Architecture STRUCTURAL of CONSTRUCTOR
Presto compilation completed successfully.
Running PRESTO HDLC
Compiling Entity Declaration CU_CONSTRUCTOR
Compiling Architecture BEH of CU_CONSTRUCTOR
Presto compilation completed successfully.
Running PRESTO HDLC
Compiling Entity Declaration D_MIN_REG
Compiling Architecture BEH of D_MIN_REG
Presto compilation completed successfully.
Running PRESTO HDLC
Compiling Entity Declaration DP_CONSTRUCTOR
Compiling Architecture STRUCTURAL of DP_CONSTRUCTOR
Presto compilation completed successfully.
Running PRESTO HDLC
Compiling Entity Declaration H_OVER_W
Compiling Architecture RTL of H_OVER_W
Presto compilation completed successfully.
Running PRESTO HDLC
Compiling Entity Declaration IF_UA
Compiling Architecture BEH of IF_UA
Presto compilation completed successfully.
Running PRESTO HDLC
Compiling Entity Declaration LR_SH2
Compiling Architecture RTL of LR_SH2
Presto compilation completed successfully.
Running PRESTO HDLC
Compiling Entity Declaration MV_RF
Compiling Architecture BEH of MV_RF
Presto compilation completed successfully.
Running PRESTO HDLC
Compiling Entity Declaration ADD3
Compiling Architecture BEH of ADD3
Presto compilation completed successfully.
Running PRESTO HDLC
Compiling Entity Declaration CNT_RSTS_CES
Compiling Architecture BEH of CNT_RSTS_CES
Presto compilation completed successfully.
Running PRESTO HDLC
Compiling Entity Declaration CU_EXTIMATOR_ADAPTER
Compiling Architecture BEH of CU_EXTIMATOR_ADAPTER
Presto compilation completed successfully.
Running PRESTO HDLC
Compiling Entity Declaration CU_EXTIMATOR
Compiling Architecture BEH of CU_EXTIMATOR
Presto compilation completed successfully.
Running PRESTO HDLC
Compiling Entity Declaration CU_READY_HANDLER
Compiling Architecture BEH of CU_READY_HANDLER
Presto compilation completed successfully.
Running PRESTO HDLC
Compiling Entity Declaration ENC2B
Compiling Architecture STRUCTURAL of ENC2B
Presto compilation completed successfully.
Running PRESTO HDLC
Compiling Entity Declaration EXTIMATOR_ADDCALC
Compiling Architecture STRUCTURAL of EXTIMATOR_ADDCALC
Presto compilation completed successfully.
Running PRESTO HDLC
Compiling Entity Declaration EXTIMATOR_PELRET
Compiling Architecture STRUCTURAL of EXTIMATOR_PELRET
Presto compilation completed successfully.
Running PRESTO HDLC
Compiling Entity Declaration EXTIMATOR_RESCAL
Compiling Architecture STRUCT of EXTIMATOR_RESCAL
Presto compilation completed successfully.
Running PRESTO HDLC
Compiling Entity Declaration EXTIMATOR
Compiling Architecture STRUCTURAL of EXTIMATOR
Presto compilation completed successfully.
Running PRESTO HDLC
Compiling Entity Declaration EXT_RF
Compiling Architecture BEH of EXT_RF
Presto compilation completed successfully.
Running PRESTO HDLC
Compiling Entity Declaration FIRSTPELPOS_COMP
Compiling Architecture STRUCT of FIRSTPELPOS_COMP
Presto compilation completed successfully.
Running PRESTO HDLC
Compiling Entity Declaration FIRSTPELPOS
Compiling Architecture STRUCTURAL of FIRSTPELPOS
Presto compilation completed successfully.
Running PRESTO HDLC
Compiling Entity Declaration MULT1
Compiling Architecture BEH of MULT1
Presto compilation completed successfully.
Running PRESTO HDLC
Compiling Entity Declaration ROUND
Compiling Architecture STRUCT of ROUND
Presto compilation completed successfully.
Running PRESTO HDLC
Compiling Entity Declaration R_SH2
Compiling Architecture STRUCT of R_SH2
Presto compilation completed successfully.
Running PRESTO HDLC
Compiling Entity Declaration SAD_MIN_REG
Compiling Architecture BEH of SAD_MIN_REG
Presto compilation completed successfully.
Running PRESTO HDLC
Compiling Entity Declaration T_FF
Compiling Architecture BEHAVIORAL of T_FF
Presto compilation completed successfully.
Running PRESTO HDLC
Compiling Entity Declaration AME_ARCHITECTURE
Compiling Architecture STRUCTURAL of AME_ARCHITECTURE
Presto compilation completed successfully.
Running PRESTO HDLC
Compiling Entity Declaration AME_ARCHITECTURE_EXPANDED
Compiling Architecture STRUCTURAL of AME_ARCHITECTURE_EXPANDED
Presto compilation completed successfully.
Running PRESTO HDLC
Compiling Entity Declaration CU_CONSTRUCTOR_NETLIST
Compiling Architecture BEH of CU_CONSTRUCTOR_NETLIST
Presto compilation completed successfully.
Running PRESTO HDLC
Compiling Entity Declaration CU_EXTIMATOR_EXPANDED
Compiling Architecture BEH of CU_EXTIMATOR_EXPANDED
Presto compilation completed successfully.
Running PRESTO HDLC
Compiling Entity Declaration EXTIMATOR_EXPANDED
Compiling Architecture STRUCTURAL of EXTIMATOR_EXPANDED
Presto compilation completed successfully.
Running PRESTO HDLC
[Error] Can't open input file /home/thesis/costantino.taranto/git/AME_Architecture/src/test_components/extimator_PelRet_expanded.vh
*** Presto compilation was unsuccessful. ***
0
